<?xml version="1.0" encoding="UTF-8"?>
<!-- Generated by org.testng.reporters.JUnitReportReporter -->
<testsuite hostname="LAPTOP-9853DHEH" failures="0" tests="3" name="Ammu.tests.StandAloneTestFinal" time="58.892" errors="0" timestamp="2024-06-27T16:22:43 GMT-04:00" skipped="0">
  <testcase classname="Ammu.tests.StandAloneTestFinal" name="verifyOrderHistory" time="7.893"/>
  <testcase classname="Ammu.tests.StandAloneTestFinal" name="submitOrder" time="26.828"/>
  <testcase classname="Ammu.tests.StandAloneTestFinal" name="submitOrder" time="24.171"/>
</testsuite> <!-- Ammu.tests.StandAloneTestFinal -->
