<?xml version="1.0" encoding="UTF-8"?>
<!-- Generated by org.testng.reporters.JUnitReportReporter -->
<testsuite hostname="LAPTOP-9853DHEH" failures="0" tests="1" name="Ammu.tests.ErrorValidation" time="6.458" errors="0" timestamp="2024-06-21T20:13:51 GMT-04:00" skipped="0">
  <testcase classname="Ammu.tests.ErrorValidation" name="errorLogin" time="6.458"/>
</testsuite> <!-- Ammu.tests.ErrorValidation -->
