<?xml version="1.0" encoding="UTF-8"?>
<!-- Generated by org.testng.reporters.JUnitReportReporter -->
<testsuite hostname="LAPTOP-9853DHEH" failures="0" tests="1" name="cucumber.TestNGTestRunner" time="7.043" errors="0" timestamp="2024-06-30T04:23:48 GMT-04:00" skipped="0">
  <testcase classname="cucumber.TestNGTestRunner" name="runScenario" time="7.043"/>
</testsuite> <!-- cucumber.TestNGTestRunner -->
