<?xml version="1.0" encoding="UTF-8"?>
<!-- Generated by org.testng.reporters.JUnitReportReporter -->
<testsuite hostname="LAPTOP-9853DHEH" failures="0" tests="2" name="Ammu.tests.ErrorValidationTest" time="36.499" errors="0" timestamp="2024-06-27T16:22:43 GMT-04:00" skipped="0">
  <testcase classname="Ammu.tests.ErrorValidationTest" name="productErrorValidation" time="27.847"/>
  <testcase classname="Ammu.tests.ErrorValidationTest" name="loginErroValidation" time="8.652"/>
</testsuite> <!-- Ammu.tests.ErrorValidationTest -->
