<?xml version="1.0" encoding="UTF-8"?>
<!-- Generated by org.testng.reporters.JUnitReportReporter -->
<testsuite hostname="LAPTOP-9853DHEH" failures="0" tests="3" name="Ammu.tests.StandAloneTestFinal" time="52.116" errors="0" timestamp="2024-06-29T13:14:42 GMT-04:00" skipped="0">
  <testcase classname="Ammu.tests.StandAloneTestFinal" name="submitOrder" time="23.190"/>
  <testcase classname="Ammu.tests.StandAloneTestFinal" name="submitOrder" time="21.817"/>
  <testcase classname="Ammu.tests.StandAloneTestFinal" name="verifyOrderHistory" time="7.109"/>
</testsuite> <!-- Ammu.tests.StandAloneTestFinal -->
