<?xml version="1.0" encoding="UTF-8"?>
<!-- Generated by org.testng.reporters.JUnitReportReporter -->
<testsuite hostname="LAPTOP-9853DHEH" failures="0" tests="3" name="Ammu.tests.ErrorValidationTest" time="37.985" errors="0" timestamp="2024-06-29T13:14:42 GMT-04:00" skipped="1">
  <testcase classname="Ammu.tests.ErrorValidationTest" name="loginErroValidation" time="6.625"/>
  <testcase classname="Ammu.tests.ErrorValidationTest" name="productErrorValidation" time="24.575"/>
  <testcase classname="Ammu.tests.ErrorValidationTest" name="loginErroValidation" time="6.785">
    <skipped/>
  </testcase> <!-- loginErroValidation -->
</testsuite> <!-- Ammu.tests.ErrorValidationTest -->
